[ 2018-05-28T17:44:31+08:00 ] 127.0.0.1 /index.php/login/test.html
ERR: 1064:You have an error in your SQL syntax; check the manual that corresponds to your MySQL server version for the right syntax to use near 'in pids order by level desc' at line 1
 [ SQL语句 ] : select * from user_zone where  in pids order by level desc
ERR: 1064:You have an error in your SQL syntax; check the manual that corresponds to your MySQL server version for the right syntax to use near 'in pids order by level desc' at line 1
 [ SQL语句 ] : select * from user_zone where  in pids order by level desc

[ 2018-05-28T17:44:56+08:00 ] 127.0.0.1 /index.php/login/test.html
ERR: 1064:You have an error in your SQL syntax; check the manual that corresponds to your MySQL server version for the right syntax to use near 'pids order by level desc' at line 1
 [ SQL语句 ] : select * from user_zone where 1 in pids order by level desc
ERR: 1064:You have an error in your SQL syntax; check the manual that corresponds to your MySQL server version for the right syntax to use near 'pids order by level desc' at line 1
 [ SQL语句 ] : select * from user_zone where 1 in pids order by level desc

[ 2018-05-28T17:44:57+08:00 ] 127.0.0.1 /index.php/login/test.html
ERR: 1064:You have an error in your SQL syntax; check the manual that corresponds to your MySQL server version for the right syntax to use near 'pids order by level desc' at line 1
 [ SQL语句 ] : select * from user_zone where 1 in pids order by level desc
ERR: 1064:You have an error in your SQL syntax; check the manual that corresponds to your MySQL server version for the right syntax to use near 'pids order by level desc' at line 1
 [ SQL语句 ] : select * from user_zone where 1 in pids order by level desc

[ 2018-05-28T17:44:58+08:00 ] 127.0.0.1 /index.php/login/test.html
ERR: 1064:You have an error in your SQL syntax; check the manual that corresponds to your MySQL server version for the right syntax to use near 'pids order by level desc' at line 1
 [ SQL语句 ] : select * from user_zone where 1 in pids order by level desc
ERR: 1064:You have an error in your SQL syntax; check the manual that corresponds to your MySQL server version for the right syntax to use near 'pids order by level desc' at line 1
 [ SQL语句 ] : select * from user_zone where 1 in pids order by level desc

[ 2018-05-28T17:44:58+08:00 ] 127.0.0.1 /index.php/login/test.html
ERR: 1064:You have an error in your SQL syntax; check the manual that corresponds to your MySQL server version for the right syntax to use near 'pids order by level desc' at line 1
 [ SQL语句 ] : select * from user_zone where 1 in pids order by level desc
ERR: 1064:You have an error in your SQL syntax; check the manual that corresponds to your MySQL server version for the right syntax to use near 'pids order by level desc' at line 1
 [ SQL语句 ] : select * from user_zone where 1 in pids order by level desc

[ 2018-05-28T17:52:04+08:00 ] 127.0.0.1 /index.php/login/test.html
ERR: 1054:Unknown column 'tid' in 'where clause'
 [ SQL语句 ] : SELECT * FROM `user_zone` WHERE ( FIND_IN_SET(1,tid) ) ORDER BY level desc LIMIT 1  
ERR: 1054:Unknown column 'tid' in 'where clause'
 [ SQL语句 ] : SELECT * FROM `user_zone` WHERE ( FIND_IN_SET(1,tid) ) ORDER BY level desc LIMIT 1  

